<?xml version="1.0" encoding="UTF-8"?>
<!-- Generated by org.testng.reporters.JUnitXMLReporter -->
<testsuite ignored="0" hostname="SaiKiran" failures="0" tests="4" name="Alerts Test" time="55.541" errors="0" timestamp="2025-05-09T13:33:22 IST">
  <testcase classname="AlertsTesting.AlertAcceptOrCancel" name="acceptAlert" time="25.773"/>
  <testcase classname="widgets.AutoComplete" name="Download" time="8.814"/>
  <testcase classname="widgets.Dates" name="dateAndTimeSection" time="10.924"/>
  <testcase classname="widgets.Dates" name="dateSelection" time="9.884"/>
</testsuite> <!-- Alerts Test -->
