<?xml version="1.0" encoding="UTF-8"?>
<testng-results ignored="0" total="4" passed="4" failed="0" skipped="0">
  <reporter-output>
    <line>
      <![CDATA[Year found and clicked]]>
    </line>
  </reporter-output>
  <suite started-at="2025-05-09T13:32:27 IST" name="Selenium Suite" finished-at="2025-05-09T13:33:22 IST" duration-ms="55541">
    <groups>
    </groups>
    <test started-at="2025-05-09T13:32:27 IST" name="Alerts Test" finished-at="2025-05-09T13:33:22 IST" duration-ms="55541">
      <class name="widgets.Dates">
        <test-method signature="dateAndTimeSection()[pri:0, instance:widgets.Dates@3381b4fc]" started-at="2025-05-09T13:33:01 IST" name="dateAndTimeSection" finished-at="2025-05-09T13:33:12 IST" duration-ms="10924" status="PASS">
          <reporter-output>
            <line>
              <![CDATA[Year found and clicked]]>
            </line>
          </reporter-output>
        </test-method> <!-- dateAndTimeSection -->
        <test-method signature="dateSelection()[pri:0, instance:widgets.Dates@3381b4fc]" started-at="2025-05-09T13:33:12 IST" name="dateSelection" finished-at="2025-05-09T13:33:22 IST" duration-ms="9884" status="PASS">
          <reporter-output>
          </reporter-output>
        </test-method> <!-- dateSelection -->
      </class> <!-- widgets.Dates -->
      <class name="AlertsTesting.AlertAcceptOrCancel">
        <test-method signature="acceptAlert()[pri:0, instance:AlertsTesting.AlertAcceptOrCancel@4409e975]" started-at="2025-05-09T13:32:27 IST" name="acceptAlert" finished-at="2025-05-09T13:32:53 IST" duration-ms="25773" status="PASS">
          <reporter-output>
          </reporter-output>
        </test-method> <!-- acceptAlert -->
      </class> <!-- AlertsTesting.AlertAcceptOrCancel -->
      <class name="widgets.AutoComplete">
        <test-method signature="Download()[pri:0, instance:widgets.AutoComplete@4351c8c3]" started-at="2025-05-09T13:32:53 IST" name="Download" finished-at="2025-05-09T13:33:01 IST" duration-ms="8814" status="PASS">
          <reporter-output>
          </reporter-output>
        </test-method> <!-- Download -->
      </class> <!-- widgets.AutoComplete -->
    </test> <!-- Alerts Test -->
  </suite> <!-- Selenium Suite -->
</testng-results>
