<?xml version="1.0" encoding="UTF-8"?>
<testng-results ignored="0" total="1" passed="1" failed="0" skipped="0">
  <reporter-output>
  </reporter-output>
  <suite started-at="2025-05-02T23:05:34 IST" name="Selenium Suite" finished-at="2025-05-02T23:06:19 IST" duration-ms="44718">
    <groups>
    </groups>
    <test started-at="2025-05-02T23:05:34 IST" name="Alerts Test" finished-at="2025-05-02T23:06:19 IST" duration-ms="44718">
      <class name="AlertsTesting.AlertAcceptOrCancel">
        <test-method signature="acceptAlert()[pri:0, instance:AlertsTesting.AlertAcceptOrCancel@1c3146bc]" started-at="2025-05-02T23:05:35 IST" name="acceptAlert" finished-at="2025-05-02T23:06:19 IST" duration-ms="44627" status="PASS">
          <reporter-output>
          </reporter-output>
        </test-method> <!-- acceptAlert -->
      </class> <!-- AlertsTesting.AlertAcceptOrCancel -->
    </test> <!-- Alerts Test -->
  </suite> <!-- Selenium Suite -->
</testng-results>
