<?xml version="1.0" encoding="UTF-8"?>
<!-- Generated by org.testng.reporters.JUnitXMLReporter -->
<testsuite ignored="0" hostname="SaiKiran" failures="0" tests="4" name="Alerts Test" time="58.869" errors="0" timestamp="2025-05-09T13:00:18 IST">
  <testcase classname="AlertsTesting.AlertAcceptOrCancel" name="acceptAlert" time="25.518"/>
  <testcase classname="widgets.AutoComplete" name="Download" time="15.867"/>
  <testcase classname="widgets.Dates" name="dateAndTimeSection" time="9.006"/>
  <testcase classname="widgets.Dates" name="dateSelection" time="8.416"/>
</testsuite> <!-- Alerts Test -->
